#
# There is insufficient memory for the Java Runtime Environment to continue.
# Native memory allocation (malloc) failed to allocate 1748576 bytes for Chunk::new
# Possible reasons:
#   The system is out of physical RAM or swap space
#   The process is running with CompressedOops enabled, and the Java Heap may be blocking the growth of the native heap
# Possible solutions:
#   Reduce memory load on the system
#   Increase physical memory or swap space
#   Check if swap backing store is full
#   Decrease Java heap size (-Xmx/-Xms)
#   Decrease number of Java threads
#   Decrease Java thread stack sizes (-Xss)
#   Set larger code cache with -XX:ReservedCodeCacheSize=
#   JVM is running with Unscaled Compressed Oops mode in which the Java heap is
#     placed in the first 4GB address space. The Java Heap base address is the
#     maximum limit for the native heap growth. Please use -XX:HeapBaseMinAddress
#     to set the Java Heap base and to place the Java Heap above 4GB virtual address.
# This output file may be truncated or incomplete.
#
#  Out of Memory Error (allocation.cpp:389), pid=22648, tid=0x00000000000051c8
#
# JRE version: OpenJDK Runtime Environment (8.0_242-b01) (build 1.8.0_242-release-1644-b01)
# Java VM: OpenJDK 64-Bit Server VM (25.242-b01 mixed mode windows-amd64 compressed oops)
# Failed to write core dump. Minidumps are not enabled by default on client versions of Windows
#

---------------  T H R E A D  ---------------

Current thread (0x0000000019b2f800):  JavaThread "C2 CompilerThread2" daemon [_thread_in_native, id=20936, stack(0x000000001b270000,0x000000001b370000)]

Stack: [0x000000001b270000,0x000000001b370000]
[error occurred during error reporting (printing stack bounds), id 0xc0000005]

Native frames: (J=compiled Java code, j=interpreted, Vv=VM code, C=native code)


Current CompileTask:
C2:   9089 4716       4       groovy.lang.MetaClassImpl$1MOPIter::methodNameAction (325 bytes)


---------------  P R O C E S S  ---------------

Java Threads: ( => current thread )
  0x000000001efd3000 JavaThread "Cache worker for file content cache (C:\Users\2020\.gradle\caches\7.0.2\fileContent)" [_thread_blocked, id=14052, stack(0x0000000025540000,0x0000000025640000)]
  0x000000001efca800 JavaThread "Cache worker for execution history cache (C:\Users\2020\.gradle\caches\7.0.2\executionHistory)" [_thread_blocked, id=23836, stack(0x0000000024c40000,0x0000000024d40000)]
  0x000000001efce800 JavaThread "Cache worker for cache directory md-rule (C:\Users\2020\.gradle\caches\7.0.2\md-rule)" [_thread_blocked, id=22100, stack(0x0000000024b40000,0x0000000024c40000)]
  0x000000001efd0800 JavaThread "Cache worker for cache directory md-supplier (C:\Users\2020\.gradle\caches\7.0.2\md-supplier)" [_thread_blocked, id=21964, stack(0x0000000024840000,0x0000000024940000)]
  0x000000001efd1800 JavaThread "Cache worker for checksums cache (C:\Users\2020\AndroidStudioProjects\LearnActivity3\.gradle\checksums)" [_thread_blocked, id=4560, stack(0x0000000024740000,0x0000000024840000)]
  0x000000001efd0000 JavaThread "jar transforms Thread 12" [_thread_blocked, id=22256, stack(0x0000000024f40000,0x0000000025040000)]
  0x000000001efcd800 JavaThread "jar transforms Thread 11" [_thread_blocked, id=24564, stack(0x0000000024500000,0x0000000024600000)]
  0x000000001efcf000 JavaThread "jar transforms Thread 10" [_thread_in_Java, id=15680, stack(0x0000000024400000,0x0000000024500000)]
  0x000000001efc6000 JavaThread "jar transforms Thread 9" [_thread_blocked, id=23940, stack(0x0000000024300000,0x0000000024400000)]
  0x000000001efca000 JavaThread "jar transforms Thread 8" [_thread_blocked, id=23816, stack(0x0000000024200000,0x0000000024300000)]
  0x000000001efcd000 JavaThread "jar transforms Thread 7" [_thread_in_native_trans, id=17732, stack(0x0000000024040000,0x0000000024140000)]
  0x000000001efc7000 JavaThread "jar transforms Thread 6" [_thread_blocked, id=1984, stack(0x0000000024640000,0x0000000024740000)]
  0x000000001efcc000 JavaThread "jar transforms Thread 5" [_thread_in_native, id=23060, stack(0x0000000022cc0000,0x0000000022dc0000)]
  0x000000001efc7800 JavaThread "jar transforms Thread 4" [_thread_in_native, id=8604, stack(0x0000000022bc0000,0x0000000022cc0000)]
  0x000000001efc8800 JavaThread "jar transforms Thread 3" [_thread_blocked, id=22776, stack(0x0000000022ac0000,0x0000000022bc0000)]
  0x000000001efcb800 JavaThread "jar transforms Thread 2" [_thread_blocked, id=17280, stack(0x00000000219b0000,0x0000000021ab0000)]
  0x000000001efc9000 JavaThread "jar transforms" [_thread_blocked, id=20316, stack(0x00000000218b0000,0x00000000219b0000)]
  0x000000001d860800 JavaThread "File watcher consumer" daemon [_thread_blocked, id=21008, stack(0x00000000215b0000,0x00000000216b0000)]
  0x000000001d85f800 JavaThread "File watcher server" daemon [_thread_in_native, id=24520, stack(0x00000000214b0000,0x00000000215b0000)]
  0x000000001d861000 JavaThread "Cache worker for file hash cache (C:\Users\2020\AndroidStudioProjects\LearnActivity3\.gradle\7.0.2\fileHashes)" [_thread_blocked, id=9464, stack(0x00000000213b0000,0x00000000214b0000)]
  0x000000001d862000 JavaThread "Cache worker for journal cache (C:\Users\2020\.gradle\caches\journal-1)" [_thread_blocked, id=24404, stack(0x0000000020090000,0x0000000020190000)]
  0x000000001d85f000 JavaThread "File lock request listener" [_thread_in_native, id=23592, stack(0x000000001ff90000,0x0000000020090000)]
  0x000000001effe000 JavaThread "Cache worker for file hash cache (C:\Users\2020\.gradle\caches\7.0.2\fileHashes)" [_thread_blocked, id=8020, stack(0x000000001fe90000,0x000000001ff90000)]
  0x000000001d8a0000 JavaThread "Daemon client event forwarder" [_thread_blocked, id=16696, stack(0x000000001ebc0000,0x000000001ecc0000)]
  0x000000001d88f000 JavaThread "Stdin handler" [_thread_blocked, id=17372, stack(0x000000001eac0000,0x000000001ebc0000)]
  0x000000001d863000 JavaThread "Asynchronous log dispatcher for DefaultDaemonConnection: socket connection from /127.0.0.1:54664 to /127.0.0.1:54665" [_thread_blocked, id=7328, stack(0x000000001e9c0000,0x000000001eac0000)]
  0x000000001d870800 JavaThread "Daemon worker" [_thread_blocked, id=21112, stack(0x000000001e8c0000,0x000000001e9c0000)]
  0x000000001d86e800 JavaThread "Cancel handler" [_thread_blocked, id=24484, stack(0x000000001e7c0000,0x000000001e8c0000)]
  0x000000001d686000 JavaThread "Handler for socket connection from /127.0.0.1:54664 to /127.0.0.1:54665" [_thread_in_native, id=11088, stack(0x000000001e6c0000,0x000000001e7c0000)]
  0x000000001c61d800 JavaThread "Daemon" [_thread_blocked, id=19292, stack(0x000000001e5c0000,0x000000001e6c0000)]
  0x000000001d4d6800 JavaThread "Daemon periodic checks" [_thread_blocked, id=9652, stack(0x000000001e2c0000,0x000000001e3c0000)]
  0x000000001d4c3000 JavaThread "Incoming local TCP Connector on port 54664" [_thread_in_native, id=2224, stack(0x000000001e110000,0x000000001e210000)]
  0x000000001d69f800 JavaThread "Daemon health stats" [_thread_blocked, id=23688, stack(0x000000001e010000,0x000000001e110000)]
  0x0000000019bc6000 JavaThread "Service Thread" daemon [_thread_blocked, id=24088, stack(0x000000001b470000,0x000000001b570000)]
  0x0000000019b33800 JavaThread "C1 CompilerThread3" daemon [_thread_blocked, id=18544, stack(0x000000001b370000,0x000000001b470000)]
=>0x0000000019b2f800 JavaThread "C2 CompilerThread2" daemon [_thread_in_native, id=20936, stack(0x000000001b270000,0x000000001b370000)]
  0x0000000019b29800 JavaThread "C2 CompilerThread1" daemon [_thread_in_native, id=21508, stack(0x000000001b170000,0x000000001b270000)]
  0x0000000019b22800 JavaThread "C2 CompilerThread0" daemon [_thread_in_native, id=24320, stack(0x000000001b070000,0x000000001b170000)]
  0x0000000019b1d000 JavaThread "Attach Listener" daemon [_thread_blocked, id=19556, stack(0x000000001af70000,0x000000001b070000)]
  0x0000000019acb000 JavaThread "Signal Dispatcher" daemon [_thread_blocked, id=21240, stack(0x000000001ae70000,0x000000001af70000)]
  0x00000000183f1000 JavaThread "Finalizer" daemon [_thread_blocked, id=13204, stack(0x000000001ad10000,0x000000001ae10000)]
  0x0000000019ab3000 JavaThread "Reference Handler" daemon [_thread_blocked, id=20600, stack(0x000000001ac10000,0x000000001ad10000)]
  0x0000000003050800 JavaThread "main" [_thread_blocked, id=15248, stack(0x0000000002f50000,0x0000000003050000)]

Other Threads:
  0x00000000183e5800 VMThread [stack: 0x000000001ab10000,0x000000001ac10000] [id=21292]
  0x0000000019bc6800 WatcherThread [stack: 0x000000001b570000,0x000000001b670000] [id=16928]

VM state:not at safepoint (normal execution)

VM Mutex/Monitor currently owned by a thread: None

heap address: 0x0000000080000000, size: 2048 MB, Compressed Oops mode: 32-bit
Narrow klass base: 0x0000000000000000, Narrow klass shift: 3
Compressed class space size: 1073741824 Address: 0x0000000100000000

Heap:
 PSYoungGen      total 424448K, used 160637K [0x00000000d5580000, 0x00000000f0300000, 0x0000000100000000)
  eden space 409088K, 39% used [0x00000000d5580000,0x00000000df1cf780,0x00000000ee500000)
  from space 15360K, 3% used [0x00000000ee500000,0x00000000ee590000,0x00000000ef400000)
  to   space 12800K, 0% used [0x00000000ef680000,0x00000000ef680000,0x00000000f0300000)
 ParOldGen       total 147968K, used 33361K [0x0000000080000000, 0x0000000089080000, 0x00000000d5580000)
  object space 147968K, 22% used [0x0000000080000000,0x0000000082094558,0x0000000089080000)
 Metaspace       used 39925K, capacity 41961K, committed 42112K, reserved 1085440K
  class space    used 5549K, capacity 5963K, committed 6016K, reserved 1048576K

Card table byte_map: [0x0000000012510000,0x0000000012920000] byte_map_base: 0x0000000012110000

Marking Bits: (ParMarkBitMap*) 0x000000005f1cf030
 Begin Bits: [0x00000000135d0000, 0x00000000155d0000)
 End Bits:   [0x00000000155d0000, 0x00000000175d0000)

Polling page: 0x0000000000ea0000

CodeCache: size=245760Kb used=17093Kb max_used=17592Kb free=228666Kb
 bounds [0x0000000003150000, 0x00000000042b0000, 0x0000000012150000]
 total_blobs=5075 nmethods=4347 adapters=640
 compilation: enabled

Compilation events (10 events):
Event: 8.963 Thread 0x0000000019b33800 5078       2       com.google.common.io.ByteStreams::toByteArrayInternal (119 bytes)
Event: 8.964 Thread 0x0000000019b33800 nmethod 5078 0x0000000003cc7310 code [0x0000000003cc74e0, 0x0000000003cc79f8]
Event: 8.964 Thread 0x0000000019b33800 5079       2       com.google.common.io.ByteStreams::combineBuffers (56 bytes)
Event: 8.965 Thread 0x0000000019b33800 nmethod 5079 0x0000000003330290 code [0x0000000003330420, 0x0000000003330778]
Event: 8.966 Thread 0x0000000019b33800 5080       2       java.util.LinkedList::clear (60 bytes)
Event: 8.966 Thread 0x0000000019b33800 nmethod 5080 0x00000000032dbfd0 code [0x00000000032dc120, 0x00000000032dc350]
Event: 9.032 Thread 0x0000000019b33800 5081       1       sun.nio.fs.WindowsException::lastError (5 bytes)
Event: 9.033 Thread 0x0000000019b33800 nmethod 5081 0x00000000032fe150 code [0x00000000032fe2a0, 0x00000000032fe3b0]
Event: 9.070 Thread 0x0000000019b33800 5082       2       org.gradle.internal.classpath.InstrumentingTransformer$MethodVisitorScope::_INVOKESTATIC (12 bytes)
Event: 9.070 Thread 0x0000000019b33800 nmethod 5082 0x00000000032a6310 code [0x00000000032a6480, 0x00000000032a6608]

GC Heap History (10 events):
Event: 7.273 GC heap before
{Heap before GC invocations=17 (full 2):
 PSYoungGen      total 421888K, used 418144K [0x00000000d5580000, 0x00000000f0300000, 0x0000000100000000)
  eden space 409088K, 100% used [0x00000000d5580000,0x00000000ee500000,0x00000000ee500000)
  from space 12800K, 70% used [0x00000000ef680000,0x00000000eff58020,0x00000000f0300000)
  to   space 15360K, 0% used [0x00000000ee500000,0x00000000ee500000,0x00000000ef400000)
 ParOldGen       total 147968K, used 20045K [0x0000000080000000, 0x0000000089080000, 0x00000000d5580000)
  object space 147968K, 13% used [0x0000000080000000,0x0000000081393578,0x0000000089080000)
 Metaspace       used 39190K, capacity 40993K, committed 41216K, reserved 1085440K
  class space    used 5458K, capacity 5827K, committed 5888K, reserved 1048576K
Event: 7.280 GC heap after
Heap after GC invocations=17 (full 2):
 PSYoungGen      total 424448K, used 2112K [0x00000000d5580000, 0x00000000f0300000, 0x0000000100000000)
  eden space 409088K, 0% used [0x00000000d5580000,0x00000000d5580000,0x00000000ee500000)
  from space 15360K, 13% used [0x00000000ee500000,0x00000000ee710010,0x00000000ef400000)
  to   space 12800K, 0% used [0x00000000ef680000,0x00000000ef680000,0x00000000f0300000)
 ParOldGen       total 147968K, used 27789K [0x0000000080000000, 0x0000000089080000, 0x00000000d5580000)
  object space 147968K, 18% used [0x0000000080000000,0x0000000081b23588,0x0000000089080000)
 Metaspace       used 39190K, capacity 40993K, committed 41216K, reserved 1085440K
  class space    used 5458K, capacity 5827K, committed 5888K, reserved 1048576K
}
Event: 7.503 GC heap before
{Heap before GC invocations=18 (full 2):
 PSYoungGen      total 424448K, used 411200K [0x00000000d5580000, 0x00000000f0300000, 0x0000000100000000)
  eden space 409088K, 100% used [0x00000000d5580000,0x00000000ee500000,0x00000000ee500000)
  from space 15360K, 13% used [0x00000000ee500000,0x00000000ee710010,0x00000000ef400000)
  to   space 12800K, 0% used [0x00000000ef680000,0x00000000ef680000,0x00000000f0300000)
 ParOldGen       total 147968K, used 27789K [0x0000000080000000, 0x0000000089080000, 0x00000000d5580000)
  object space 147968K, 18% used [0x0000000080000000,0x0000000081b23588,0x0000000089080000)
 Metaspace       used 39190K, capacity 40993K, committed 41216K, reserved 1085440K
  class space    used 5458K, capacity 5827K, committed 5888K, reserved 1048576K
Event: 7.506 GC heap after
Heap after GC invocations=18 (full 2):
 PSYoungGen      total 421888K, used 960K [0x00000000d5580000, 0x00000000f0300000, 0x0000000100000000)
  eden space 409088K, 0% used [0x00000000d5580000,0x00000000d5580000,0x00000000ee500000)
  from space 12800K, 7% used [0x00000000ef680000,0x00000000ef770000,0x00000000f0300000)
  to   space 15360K, 0% used [0x00000000ee500000,0x00000000ee500000,0x00000000ef400000)
 ParOldGen       total 147968K, used 29749K [0x0000000080000000, 0x0000000089080000, 0x00000000d5580000)
  object space 147968K, 20% used [0x0000000080000000,0x0000000081d0d598,0x0000000089080000)
 Metaspace       used 39190K, capacity 40993K, committed 41216K, reserved 1085440K
  class space    used 5458K, capacity 5827K, committed 5888K, reserved 1048576K
}
Event: 8.040 GC heap before
{Heap before GC invocations=19 (full 2):
 PSYoungGen      total 421888K, used 410048K [0x00000000d5580000, 0x00000000f0300000, 0x0000000100000000)
  eden space 409088K, 100% used [0x00000000d5580000,0x00000000ee500000,0x00000000ee500000)
  from space 12800K, 7% used [0x00000000ef680000,0x00000000ef770000,0x00000000f0300000)
  to   space 15360K, 0% used [0x00000000ee500000,0x00000000ee500000,0x00000000ef400000)
 ParOldGen       total 147968K, used 29749K [0x0000000080000000, 0x0000000089080000, 0x00000000d5580000)
  object space 147968K, 20% used [0x0000000080000000,0x0000000081d0d598,0x0000000089080000)
 Metaspace       used 39339K, capacity 41219K, committed 41472K, reserved 1085440K
  class space    used 5476K, capacity 5872K, committed 5888K, reserved 1048576K
Event: 8.043 GC heap after
Heap after GC invocations=19 (full 2):
 PSYoungGen      total 424448K, used 1944K [0x00000000d5580000, 0x00000000f0300000, 0x0000000100000000)
  eden space 409088K, 0% used [0x00000000d5580000,0x00000000d5580000,0x00000000ee500000)
  from space 15360K, 12% used [0x00000000ee500000,0x00000000ee6e61a8,0x00000000ef400000)
  to   space 12800K, 0% used [0x00000000ef680000,0x00000000ef680000,0x00000000f0300000)
 ParOldGen       total 147968K, used 30069K [0x0000000080000000, 0x0000000089080000, 0x00000000d5580000)
  object space 147968K, 20% used [0x0000000080000000,0x0000000081d5d598,0x0000000089080000)
 Metaspace       used 39339K, capacity 41219K, committed 41472K, reserved 1085440K
  class space    used 5476K, capacity 5872K, committed 5888K, reserved 1048576K
}
Event: 8.823 GC heap before
{Heap before GC invocations=20 (full 2):
 PSYoungGen      total 424448K, used 411032K [0x00000000d5580000, 0x00000000f0300000, 0x0000000100000000)
  eden space 409088K, 100% used [0x00000000d5580000,0x00000000ee500000,0x00000000ee500000)
  from space 15360K, 12% used [0x00000000ee500000,0x00000000ee6e61a8,0x00000000ef400000)
  to   space 12800K, 0% used [0x00000000ef680000,0x00000000ef680000,0x00000000f0300000)
 ParOldGen       total 147968K, used 30133K [0x0000000080000000, 0x0000000089080000, 0x00000000d5580000)
  object space 147968K, 20% used [0x0000000080000000,0x0000000081d6d5c8,0x0000000089080000)
 Metaspace       used 39924K, capacity 41961K, committed 42112K, reserved 1085440K
  class space    used 5549K, capacity 5963K, committed 6016K, reserved 1048576K
Event: 8.831 GC heap after
Heap after GC invocations=20 (full 2):
 PSYoungGen      total 421888K, used 3347K [0x00000000d5580000, 0x00000000f0300000, 0x0000000100000000)
  eden space 409088K, 0% used [0x00000000d5580000,0x00000000d5580000,0x00000000ee500000)
  from space 12800K, 26% used [0x00000000ef680000,0x00000000ef9c4de0,0x00000000f0300000)
  to   space 15360K, 0% used [0x00000000ee500000,0x00000000ee500000,0x00000000ef400000)
 ParOldGen       total 147968K, used 30609K [0x0000000080000000, 0x0000000089080000, 0x00000000d5580000)
  object space 147968K, 20% used [0x0000000080000000,0x0000000081de45f8,0x0000000089080000)
 Metaspace       used 39924K, capacity 41961K, committed 42112K, reserved 1085440K
  class space    used 5549K, capacity 5963K, committed 6016K, reserved 1048576K
}
Event: 9.008 GC heap before
{Heap before GC invocations=21 (full 2):
 PSYoungGen      total 421888K, used 412435K [0x00000000d5580000, 0x00000000f0300000, 0x0000000100000000)
  eden space 409088K, 100% used [0x00000000d5580000,0x00000000ee500000,0x00000000ee500000)
  from space 12800K, 26% used [0x00000000ef680000,0x00000000ef9c4de0,0x00000000f0300000)
  to   space 15360K, 0% used [0x00000000ee500000,0x00000000ee500000,0x00000000ef400000)
 ParOldGen       total 147968K, used 30614K [0x0000000080000000, 0x0000000089080000, 0x00000000d5580000)
  object space 147968K, 20% used [0x0000000080000000,0x0000000081de5a08,0x0000000089080000)
 Metaspace       used 39925K, capacity 41961K, committed 42112K, reserved 1085440K
  class space    used 5549K, capacity 5963K, committed 6016K, reserved 1048576K
Event: 9.012 GC heap after
Heap after GC invocations=21 (full 2):
 PSYoungGen      total 424448K, used 576K [0x00000000d5580000, 0x00000000f0300000, 0x0000000100000000)
  eden space 409088K, 0% used [0x00000000d5580000,0x00000000d5580000,0x00000000ee500000)
  from space 15360K, 3% used [0x00000000ee500000,0x00000000ee590000,0x00000000ef400000)
  to   space 12800K, 0% used [0x00000000ef680000,0x00000000ef680000,0x00000000f0300000)
 ParOldGen       total 147968K, used 33361K [0x0000000080000000, 0x0000000089080000, 0x00000000d5580000)
  object space 147968K, 22% used [0x0000000080000000,0x0000000082094558,0x0000000089080000)
 Metaspace       used 39925K, capacity 41961K, committed 42112K, reserved 1085440K
  class space    used 5549K, capacity 5963K, committed 6016K, reserved 1048576K
}

Deoptimization events (10 events):
Event: 8.758 Thread 0x000000001d870800 Uncommon trap: reason=class_check action=maybe_recompile pc=0x000000000327ee4c method=java.util.Iterator.forEachRemaining(Ljava/util/function/Consumer;)V @ 6
Event: 8.759 Thread 0x000000001d870800 Uncommon trap: reason=class_check action=maybe_recompile pc=0x0000000003ff6434 method=com.google.common.collect.AbstractIterator.tryToComputeNext()Z @ 9
Event: 8.764 Thread 0x000000001efcb800 Uncommon trap: reason=class_check action=maybe_recompile pc=0x00000000033f2894 method=java.security.MessageDigest$Delegate.engineDigest()[B @ 4
Event: 8.767 Thread 0x000000001efc6000 Uncommon trap: reason=class_check action=maybe_recompile pc=0x00000000033f2894 method=java.security.MessageDigest$Delegate.engineDigest()[B @ 4
Event: 8.782 Thread 0x000000001efc7000 Uncommon trap: reason=unstable_if action=reinterpret pc=0x000000000414f0ec method=org.gradle.api.internal.file.archive.impl.JdkZipEntry$1.run(Ljava/io/InputStream;)[B @ 9
Event: 8.783 Thread 0x000000001efc7000 Uncommon trap: reason=unstable_if action=reinterpret pc=0x00000000032eb450 method=org.gradle.api.internal.file.archive.impl.JdkZipEntry$1.run(Ljava/io/InputStream;)[B @ 9
Event: 8.800 Thread 0x000000001efcb800 Uncommon trap: reason=class_check action=maybe_recompile pc=0x00000000033f2894 method=java.security.MessageDigest$Delegate.engineDigest()[B @ 4
Event: 8.814 Thread 0x000000001efc9000 Uncommon trap: reason=unstable_if action=reinterpret pc=0x000000000404c6e4 method=org.objectweb.asm.MethodWriter.visitJumpInsn(ILorg/objectweb/asm/Label;)V @ 243
Event: 8.816 Thread 0x000000001efc9000 Uncommon trap: reason=unstable_if action=reinterpret pc=0x000000000400446c method=org.objectweb.asm.MethodWriter.visitMethodInsn(ILjava/lang/String;Ljava/lang/String;Ljava/lang/String;Z)V @ 81
Event: 8.816 Thread 0x000000001efc9000 Uncommon trap: reason=unstable_if action=reinterpret pc=0x000000000330e960 method=org.objectweb.asm.MethodWriter.visitMethodInsn(ILjava/lang/String;Ljava/lang/String;Ljava/lang/String;Z)V @ 81

Classes redefined (0 events):
No events

Internal exceptions (10 events):
Event: 8.831 Thread 0x000000001efcf000 Exception <a 'sun/nio/fs/WindowsException'> (0x00000000d5609298) thrown at [C:\src\AOSP-openjdk-git\hotspot\src\share\vm\prims\jni.cpp, line 710]
Event: 8.837 Thread 0x000000001efd0000 Exception <a 'sun/nio/fs/WindowsException'> (0x00000000d65baed0) thrown at [C:\src\AOSP-openjdk-git\hotspot\src\share\vm\prims\jni.cpp, line 710]
Event: 8.840 Thread 0x000000001efd0000 Exception <a 'sun/nio/fs/WindowsException'> (0x00000000d65bb258) thrown at [C:\src\AOSP-openjdk-git\hotspot\src\share\vm\prims\jni.cpp, line 710]
Event: 8.913 Thread 0x000000001efc9000 Exception <a 'sun/nio/fs/WindowsException'> (0x00000000e1896178) thrown at [C:\src\AOSP-openjdk-git\hotspot\src\share\vm\prims\jni.cpp, line 710]
Event: 8.915 Thread 0x000000001efc9000 Exception <a 'sun/nio/fs/WindowsException'> (0x00000000e1896520) thrown at [C:\src\AOSP-openjdk-git\hotspot\src\share\vm\prims\jni.cpp, line 710]
Event: 8.966 Thread 0x000000001efc8800 Exception <a 'sun/nio/fs/WindowsException'> (0x00000000e9344dc0) thrown at [C:\src\AOSP-openjdk-git\hotspot\src\share\vm\prims\jni.cpp, line 710]
Event: 8.967 Thread 0x000000001efc8800 Exception <a 'sun/nio/fs/WindowsException'> (0x00000000e9345110) thrown at [C:\src\AOSP-openjdk-git\hotspot\src\share\vm\prims\jni.cpp, line 710]
Event: 9.025 Thread 0x000000001efc7000 Exception <a 'sun/nio/fs/WindowsException'> (0x00000000d719fee0) thrown at [C:\src\AOSP-openjdk-git\hotspot\src\share\vm\prims\jni.cpp, line 710]
Event: 9.025 Thread 0x000000001efc7000 Exception <a 'sun/nio/fs/WindowsException'> (0x00000000d71a0258) thrown at [C:\src\AOSP-openjdk-git\hotspot\src\share\vm\prims\jni.cpp, line 710]
Event: 9.032 Thread 0x000000001efcc000 Exception <a 'sun/nio/fs/WindowsException'> (0x00000000d5866ad0) thrown at [C:\src\AOSP-openjdk-git\hotspot\src\share\vm\prims\jni.cpp, line 710]

Events (10 events):
Event: 9.046 Thread 0x000000001efcf000 DEOPT PACKING pc=0x00000000042914a9 sp=0x00000000244fdef0
Event: 9.046 Thread 0x000000001efcf000 DEOPT UNPACKING pc=0x00000000031975d0 sp=0x00000000244fdde8 mode 0
Event: 9.051 Thread 0x000000001efcf000 DEOPT PACKING pc=0x00000000042914a9 sp=0x00000000244fdef0
Event: 9.051 Thread 0x000000001efcf000 DEOPT UNPACKING pc=0x00000000031975d0 sp=0x00000000244fdde8 mode 0
Event: 9.055 Thread 0x000000001efcf000 DEOPT PACKING pc=0x00000000042914a9 sp=0x00000000244fdef0
Event: 9.055 Thread 0x000000001efcf000 DEOPT UNPACKING pc=0x00000000031975d0 sp=0x00000000244fdde8 mode 0
Event: 9.066 Thread 0x000000001efcf000 DEOPT PACKING pc=0x00000000042914a9 sp=0x00000000244fdef0
Event: 9.066 Thread 0x000000001efcf000 DEOPT UNPACKING pc=0x00000000031975d0 sp=0x00000000244fdde8 mode 0
Event: 9.081 Thread 0x000000001efcc000 DEOPT PACKING pc=0x00000000042914a9 sp=0x0000000022dbe120
Event: 9.081 Thread 0x000000001efcc000 DEOPT UNPACKING pc=0x00000000031975d0 sp=0x0000000022dbe018 mode 0


Dynamic libraries:
0x00007ff782630000 - 0x00007ff782661000 	E:\android\jre\bin\java.exe
0x00007ffc45380000 - 0x00007ffc45570000 	C:\Windows\SYSTEM32\ntdll.dll
0x00007ffc44f00000 - 0x00007ffc44fb2000 	C:\Windows\System32\KERNEL32.DLL
0x00007ffc42640000 - 0x00007ffc428e3000 	C:\Windows\System32\KERNELBASE.dll
0x00007ffc404d0000 - 0x00007ffc4055f000 	C:\Windows\SYSTEM32\apphelp.dll
0x00007ffc44800000 - 0x00007ffc448a3000 	C:\Windows\System32\ADVAPI32.dll
0x00007ffc44590000 - 0x00007ffc4462e000 	C:\Windows\System32\msvcrt.dll
0x00007ffc44df0000 - 0x00007ffc44e87000 	C:\Windows\System32\sechost.dll
0x00007ffc448c0000 - 0x00007ffc449e0000 	C:\Windows\System32\RPCRT4.dll
0x00007ffc449e0000 - 0x00007ffc44b74000 	C:\Windows\System32\USER32.dll
0x00007ffc428f0000 - 0x00007ffc42911000 	C:\Windows\System32\win32u.dll
0x00007ffc44c10000 - 0x00007ffc44c36000 	C:\Windows\System32\GDI32.dll
0x00007ffc42310000 - 0x00007ffc424a4000 	C:\Windows\System32\gdi32full.dll
0x00007ffc43390000 - 0x00007ffc4342e000 	C:\Windows\System32\msvcp_win.dll
0x00007ffc424b0000 - 0x00007ffc425aa000 	C:\Windows\System32\ucrtbase.dll
0x00007ffc30160000 - 0x00007ffc303e5000 	C:\Windows\WinSxS\amd64_microsoft.windows.common-controls_6595b64144ccf1df_6.0.18362.418_none_e6c6b287130d565d\COMCTL32.dll
0x00007ffc44110000 - 0x00007ffc44446000 	C:\Windows\System32\combase.dll
0x00007ffc432c0000 - 0x00007ffc43340000 	C:\Windows\System32\bcryptPrimitives.dll
0x00007ffc44dc0000 - 0x00007ffc44dee000 	C:\Windows\System32\IMM32.DLL
0x000000005f740000 - 0x000000005f812000 	E:\android\jre\jre\bin\msvcr100.dll
0x000000005ea00000 - 0x000000005f24b000 	E:\android\jre\jre\bin\server\jvm.dll
0x00007ffc448b0000 - 0x00007ffc448b8000 	C:\Windows\System32\PSAPI.DLL
0x00007ffc3da50000 - 0x00007ffc3da59000 	C:\Windows\SYSTEM32\WSOCK32.dll
0x00007ffc3db90000 - 0x00007ffc3db9a000 	C:\Windows\SYSTEM32\VERSION.dll
0x00007ffc40200000 - 0x00007ffc40224000 	C:\Windows\SYSTEM32\WINMM.dll
0x00007ffc44790000 - 0x00007ffc447ff000 	C:\Windows\System32\WS2_32.dll
0x00007ffc3fd80000 - 0x00007ffc3fdad000 	C:\Windows\SYSTEM32\WINMMBASE.dll
0x00007ffc43340000 - 0x00007ffc4338a000 	C:\Windows\System32\cfgmgr32.dll
0x00007ffc3bf00000 - 0x00007ffc3bf0f000 	E:\android\jre\jre\bin\verify.dll
0x00007ffc29cd0000 - 0x00007ffc29cf9000 	E:\android\jre\jre\bin\java.dll
0x00007ffc3a420000 - 0x00007ffc3a436000 	E:\android\jre\jre\bin\zip.dll
0x00007ffc43a20000 - 0x00007ffc44105000 	C:\Windows\System32\SHELL32.dll
0x00007ffc44d10000 - 0x00007ffc44db9000 	C:\Windows\System32\shcore.dll
0x00007ffc42b20000 - 0x00007ffc4329f000 	C:\Windows\System32\windows.storage.dll
0x00007ffc42260000 - 0x00007ffc4227f000 	C:\Windows\System32\profapi.dll
0x00007ffc422a0000 - 0x00007ffc422ea000 	C:\Windows\System32\powrprof.dll
0x00007ffc42250000 - 0x00007ffc42260000 	C:\Windows\System32\UMPDC.dll
0x00007ffc452e0000 - 0x00007ffc45332000 	C:\Windows\System32\shlwapi.dll
0x00007ffc422f0000 - 0x00007ffc42301000 	C:\Windows\System32\kernel.appcore.dll
0x00007ffc432a0000 - 0x00007ffc432b7000 	C:\Windows\System32\cryptsp.dll
0x00007ffc3a3f0000 - 0x00007ffc3a40a000 	E:\android\jre\jre\bin\net.dll
0x00007ffc41a60000 - 0x00007ffc41ac7000 	C:\Windows\system32\mswsock.dll
0x00007ffc29a70000 - 0x00007ffc29a83000 	E:\android\jre\jre\bin\nio.dll
0x00007ffc35340000 - 0x00007ffc35367000 	C:\Users\2020\.gradle\native\8bec1ad78214c89d9ad589b4d07fe93259594b29d510b10fafb7a158f7737e5d\windows-amd64\native-platform.dll
0x00007ffc1d230000 - 0x00007ffc1d36d000 	C:\Users\2020\.gradle\native\53dbd7edfb1c66fb8903c78663c9afc45aea4f116125fa6feffd364cf09443e8\windows-amd64\native-platform-file-events.dll
0x00007ffc39f50000 - 0x00007ffc39f5d000 	E:\android\jre\jre\bin\management.dll
0x00007ffc415d0000 - 0x00007ffc41603000 	C:\Windows\system32\rsaenh.dll
0x00007ffc425b0000 - 0x00007ffc425d6000 	C:\Windows\System32\bcrypt.dll
0x00007ffc42140000 - 0x00007ffc42165000 	C:\Windows\SYSTEM32\USERENV.dll
0x00007ffc41c30000 - 0x00007ffc41c3c000 	C:\Windows\SYSTEM32\CRYPTBASE.dll
0x00007ffc41770000 - 0x00007ffc417aa000 	C:\Windows\SYSTEM32\IPHLPAPI.DLL
0x00007ffc44b80000 - 0x00007ffc44b88000 	C:\Windows\System32\NSI.dll
0x00007ffc3db70000 - 0x00007ffc3db86000 	C:\Windows\SYSTEM32\dhcpcsvc6.DLL
0x00007ffc3da10000 - 0x00007ffc3da2c000 	C:\Windows\SYSTEM32\dhcpcsvc.DLL
0x00007ffc417b0000 - 0x00007ffc4187a000 	C:\Windows\SYSTEM32\DNSAPI.dll

VM Arguments:
jvm_args: -Xmx2048m -Dfile.encoding=UTF-8 -Duser.country=CN -Duser.language=zh -Duser.variant 
java_command: org.gradle.launcher.daemon.bootstrap.GradleDaemon 7.0.2
java_class_path (initial): C:\Users\2020\.gradle\wrapper\dists\gradle-7.0.2-bin\857tjihv64xamwrf0h14cai3r\gradle-7.0.2\lib\gradle-launcher-7.0.2.jar
Launcher Type: SUN_STANDARD

Environment Variables:
PATH=C:\Program Files (x86)\VMware\VMware Workstation\bin\;C:\Windows\system32;C:\Windows;C:\Windows\System32\Wbem;C:\Windows\System32\WindowsPowerShell\v1.0\;C:\Windows\System32\OpenSSH\;C:\Program Files\Git\cmd;C:\Users\2020\AppData\Local\Microsoft\WindowsApps
USERNAME=xuhaoyuan
OS=Windows_NT
PROCESSOR_IDENTIFIER=Intel64 Family 6 Model 165 Stepping 3, GenuineIntel



---------------  S Y S T E M  ---------------

OS: Windows 10.0 , 64 bit Build 18362 (10.0.18362.329)

CPU:total 12 (initial active 12) (6 cores per cpu, 2 threads per core) family 6 model 165 stepping 3, cmov, cx8, fxsr, mmx, sse, sse2, sse3, ssse3, sse4.1, sse4.2, popcnt, avx, avx2, aes, clmul, erms, 3dnowpref, lzcnt, ht, tsc, tscinvbit, bmi1, bmi2, adx

Memory: 4k page, physical 16638948k(3174648k free), swap 16638948k(5296k free)

vm_info: OpenJDK 64-Bit Server VM (25.242-b01) for windows-amd64 JRE (1.8.0_242-release-1644-b01), built by "builder" with MS VC++ 10.0 (VS2010)

time: Mon Oct 11 17:11:57 2021
timezone: 中国标准时间
elapsed time: 9 seconds (0d 0h 0m 9s)

